app/build/intermediates/manifest_merge_blame_file/developmentDebug/manifest-merger-blame-development-debug-report.txt
1<?xml version="1.0" encoding="utf-8"?>
2<manifest xmlns:android="http://schemas.android.com/apk/res/android"
3    package="com.tatayab.tatayab.dev"
4    android:versionCode="727"
5    android:versionName="15.1" >
6
7    <uses-sdk
8        android:minSdkVersion="21"
8-->src\main\AndroidManifest.xml
9        android:targetSdkVersion="32" />
9-->src\main\AndroidManifest.xml
10
11    <uses-permission android:name="android.permission.ACCESS_COARSE_LOCATION" />
11-->src\main\AndroidManifest.xml:6:5-81
11-->src\main\AndroidManifest.xml:6:22-78
12    <uses-permission android:name="android.permission.ACCESS_NETWORK_STATE" />
12-->src\main\AndroidManifest.xml:7:6-80
12-->src\main\AndroidManifest.xml:7:23-77
13    <uses-permission android:name="android.permission.INTERNET" />
13-->src\main\AndroidManifest.xml:8:5-67
13-->src\main\AndroidManifest.xml:8:22-64
14    <uses-permission android:name="android.permission.READ_EXTERNAL_STORAGE" />
14-->src\main\AndroidManifest.xml:9:5-80
14-->src\main\AndroidManifest.xml:9:22-77
15    <uses-permission android:name="android.permission.ACCESS_FINE_LOCATION" />
15-->src\main\AndroidManifest.xml:10:5-79
15-->src\main\AndroidManifest.xml:10:22-76
16    <uses-permission android:name="android.permission.ACCESS_WIFI_STATE" />
16-->src\main\AndroidManifest.xml:11:5-76
16-->src\main\AndroidManifest.xml:11:22-73
17    <uses-permission android:name="android.permission.CAMERA" />
17-->src\main\AndroidManifest.xml:12:5-65
17-->src\main\AndroidManifest.xml:12:22-62
18    <uses-permission android:name="android.permission.VIBRATE" />
18-->src\main\AndroidManifest.xml:13:5-66
18-->src\main\AndroidManifest.xml:13:22-63
19    <uses-permission android:name="android.permission.WAKE_LOCK" />
19-->src\main\AndroidManifest.xml:14:6-69
19-->src\main\AndroidManifest.xml:14:23-66
20    <uses-permission android:name="android.permission.WRITE_EXTERNAL_STORAGE" />
20-->src\main\AndroidManifest.xml:15:5-81
20-->src\main\AndroidManifest.xml:15:22-78
21    <uses-permission android:name="android.permission.REORDER_TASKS" />
21-->[androidx.fragment:fragment-testing:1.5.4] AndroidManifest.xml:25:5-72
21-->[androidx.fragment:fragment-testing:1.5.4] AndroidManifest.xml:25:22-69
22
23    <queries>
23-->[com.google.firebase:firebase-inappmessaging-display:20.2.0] AndroidManifest.xml:12:5-18:15
24        <intent>
24-->[com.google.firebase:firebase-inappmessaging-display:20.2.0] AndroidManifest.xml:13:9-17:18
25            <action android:name="android.intent.action.VIEW" />
25-->src\main\AndroidManifest.xml:50:17-69
25-->src\main\AndroidManifest.xml:50:25-66
26
27            <data android:scheme="https" />
27-->src\main\AndroidManifest.xml:55:17-57:46
27-->src\main\AndroidManifest.xml:57:21-43
28        </intent>
29    </queries> <!-- Required by older versions of Google Play services to create IID tokens -->
30    <uses-permission android:name="com.google.android.c2dm.permission.RECEIVE" />
30-->[com.google.firebase:firebase-iid:21.1.0] AndroidManifest.xml:26:5-82
30-->[com.google.firebase:firebase-iid:21.1.0] AndroidManifest.xml:26:22-79
31    <uses-permission android:name="android.permission.POST_NOTIFICATIONS" />
31-->[com.google.firebase:firebase-messaging:23.1.0] AndroidManifest.xml:25:5-77
31-->[com.google.firebase:firebase-messaging:23.1.0] AndroidManifest.xml:25:22-74
32    <uses-permission android:name="com.google.android.finsky.permission.BIND_GET_INSTALL_REFERRER_SERVICE" />
32-->[com.google.android.gms:play-services-measurement:21.2.0] AndroidManifest.xml:26:5-110
32-->[com.google.android.gms:play-services-measurement:21.2.0] AndroidManifest.xml:26:22-107
33    <uses-permission android:name="com.google.android.gms.permission.AD_ID" />
33-->[com.google.android.gms:play-services-measurement-api:21.2.0] AndroidManifest.xml:25:5-79
33-->[com.google.android.gms:play-services-measurement-api:21.2.0] AndroidManifest.xml:25:22-76
34
35    <uses-feature
35-->[com.google.android.gms:play-services-maps:17.0.0] AndroidManifest.xml:26:5-28:35
36        android:glEsVersion="0x00020000"
36-->[com.google.android.gms:play-services-maps:17.0.0] AndroidManifest.xml:27:9-41
37        android:required="true" />
37-->[com.google.android.gms:play-services-maps:17.0.0] AndroidManifest.xml:28:9-32
38
39    <uses-permission android:name="android.permission.FOREGROUND_SERVICE" /> <!-- <uses-permission android:name="android.permission.MANAGE_EXTERNAL_STORAGE" -->
39-->[androidx.work:work-runtime:2.7.1] AndroidManifest.xml:28:5-77
39-->[androidx.work:work-runtime:2.7.1] AndroidManifest.xml:28:22-74
40    <!-- tools:ignore="ScopedStorage" /> -->
41    <!-- <uses-permission android:name="android.permission.CAMERA" -->
42    <!-- android:required="true" -->
43    <!-- android:requiredFeature="true"/> -->
44    <application
45        android:name="com.tatayab.tatayab.App"
45-->src\main\AndroidManifest.xml:27:9-28
46        android:allowBackup="true"
46-->[com.github.mirrajabi:search-dialog:1.2.4] AndroidManifest.xml:12:9-35
47        android:appComponentFactory="androidx.core.app.CoreComponentFactory"
47-->[androidx.core:core:1.8.0] AndroidManifest.xml:24:18-86
48        android:debuggable="true"
49        android:icon="@mipmap/ic_launcher"
49-->src\main\AndroidManifest.xml:28:9-43
50        android:label="@string/tatayab_app_name_dev"
50-->src\main\AndroidManifest.xml:29:9-35
51        android:largeHeap="true"
51-->[com.smartlook.recording:app:1.7.0-native] AndroidManifest.xml:22:18-42
52        android:networkSecurityConfig="@xml/network_config"
52-->src\main\AndroidManifest.xml:30:9-60
53        android:roundIcon="@mipmap/ic_launcher_round"
53-->src\main\AndroidManifest.xml:31:9-54
54        android:supportsRtl="true"
54-->src\main\AndroidManifest.xml:32:9-35
55        android:theme="@style/AppTheme" >
55-->src\main\AndroidManifest.xml:33:9-40
56        <activity
56-->src\main\AndroidManifest.xml:36:9-68:20
57            android:name="com.tatayab.tatayab.MainActivity"
57-->src\main\AndroidManifest.xml:37:13-41
58            android:configChanges="keyboard|keyboardHidden|orientation|screenLayout|uiMode|screenSize|smallestScreenSize"
58-->src\main\AndroidManifest.xml:38:13-122
59            android:exported="true"
59-->src\main\AndroidManifest.xml:41:13-36
60            android:screenOrientation="portrait"
60-->src\main\AndroidManifest.xml:39:13-49
61            android:theme="@style/SplashTheme"
61-->src\main\AndroidManifest.xml:40:13-47
62            android:windowSoftInputMode="adjustResize" >
62-->src\main\AndroidManifest.xml:43:13-55
63            <intent-filter android:autoVerify="true" >
63-->src\main\AndroidManifest.xml:44:13-48:29
63-->src\main\AndroidManifest.xml:44:28-53
64                <action android:name="android.intent.action.MAIN" />
64-->src\main\AndroidManifest.xml:45:17-69
64-->src\main\AndroidManifest.xml:45:25-66
65
66                <category android:name="android.intent.category.LAUNCHER" />
66-->src\main\AndroidManifest.xml:47:17-77
66-->src\main\AndroidManifest.xml:47:27-74
67            </intent-filter>
68            <intent-filter android:autoVerify="true" >
68-->src\main\AndroidManifest.xml:49:13-63:29
68-->src\main\AndroidManifest.xml:49:28-53
69                <action android:name="android.intent.action.VIEW" />
69-->src\main\AndroidManifest.xml:50:17-69
69-->src\main\AndroidManifest.xml:50:25-66
70
71                <category android:name="android.intent.category.DEFAULT" />
71-->src\main\AndroidManifest.xml:52:17-76
71-->src\main\AndroidManifest.xml:52:27-73
72                <category android:name="android.intent.category.BROWSABLE" />
72-->src\main\AndroidManifest.xml:53:17-78
72-->src\main\AndroidManifest.xml:53:27-75
73
74                <data
74-->src\main\AndroidManifest.xml:55:17-57:46
75                    android:host="tatayab.page.link"
75-->src\main\AndroidManifest.xml:56:21-53
76                    android:scheme="https" />
76-->src\main\AndroidManifest.xml:57:21-43
77                <data
77-->src\main\AndroidManifest.xml:55:17-57:46
78                    android:host="tatayab.page.link"
78-->src\main\AndroidManifest.xml:56:21-53
79                    android:scheme="http" />
79-->src\main\AndroidManifest.xml:57:21-43
80                <data android:scheme="tatayabdlink" />
80-->src\main\AndroidManifest.xml:55:17-57:46
80-->src\main\AndroidManifest.xml:57:21-43
81            </intent-filter>
82
83            <meta-data
83-->src\main\AndroidManifest.xml:65:13-67:54
84                android:name="android.app.searchable"
84-->src\main\AndroidManifest.xml:66:17-54
85                android:resource="@xml/searchable" />
85-->src\main\AndroidManifest.xml:67:17-51
86        </activity>
87        <activity
87-->src\main\AndroidManifest.xml:71:9-74:15
88            android:name="com.tatayab.tatayab.webview.WebviewActivity"
88-->src\main\AndroidManifest.xml:71:19-58
89            android:exported="false" />
89-->src\main\AndroidManifest.xml:72:13-37
90        <activity
90-->src\main\AndroidManifest.xml:75:9-78:15
91            android:name="com.tatayab.tatayab.refer.ReferFriendSuccessActivity"
91-->src\main\AndroidManifest.xml:75:19-67
92            android:exported="false" />
92-->src\main\AndroidManifest.xml:76:13-37
93        <activity
93-->src\main\AndroidManifest.xml:79:9-84:15
94            android:name="com.tatayab.tatayab.addresses.ChooseCityActivity"
94-->src\main\AndroidManifest.xml:80:13-57
95            android:exported="false"
95-->src\main\AndroidManifest.xml:82:13-37
96            android:screenOrientation="portrait" />
96-->src\main\AndroidManifest.xml:81:13-49
97        <activity
97-->src\main\AndroidManifest.xml:85:9-90:15
98            android:name="com.tatayab.tatayab.productdetails.ChooseOptionActivity"
98-->src\main\AndroidManifest.xml:86:13-64
99            android:exported="false"
99-->src\main\AndroidManifest.xml:88:13-37
100            android:screenOrientation="portrait" />
100-->src\main\AndroidManifest.xml:87:13-49
101        <activity
101-->src\main\AndroidManifest.xml:91:9-96:15
102            android:name="com.tatayab.tatayab.main.cart.SharedCartActivity"
102-->src\main\AndroidManifest.xml:92:13-57
103            android:exported="false"
103-->src\main\AndroidManifest.xml:94:13-37
104            android:screenOrientation="portrait" />
104-->src\main\AndroidManifest.xml:93:13-49
105        <activity
105-->src\main\AndroidManifest.xml:97:9-103:15
106            android:name="com.tatayab.tatayab.errorHandling.ErrorHandlingAct"
106-->src\main\AndroidManifest.xml:98:13-59
107            android:exported="false"
107-->src\main\AndroidManifest.xml:101:13-37
108            android:theme="@android:style/Theme.Translucent.NoTitleBar"
108-->src\main\AndroidManifest.xml:99:13-72
109            android:windowSoftInputMode="stateHidden|adjustResize" />
109-->src\main\AndroidManifest.xml:100:13-67
110        <activity
110-->src\main\AndroidManifest.xml:104:9-109:15
111            android:name="com.tatayab.tatayab.developerSettings.DeveoperSettingsActivity"
111-->src\main\AndroidManifest.xml:105:13-71
112            android:exported="false"
112-->src\main\AndroidManifest.xml:107:13-37
113            android:screenOrientation="portrait" />
113-->src\main\AndroidManifest.xml:106:13-49
114        <activity
114-->src\main\AndroidManifest.xml:110:9-152:20
115            android:name="com.tatayab.tatayab.deeplink.DeepLinkActivity"
115-->src\main\AndroidManifest.xml:111:13-54
116            android:configChanges="keyboard|keyboardHidden|orientation|screenLayout|uiMode|screenSize|smallestScreenSize"
116-->src\main\AndroidManifest.xml:112:13-122
117            android:exported="true"
117-->src\main\AndroidManifest.xml:115:13-36
118            android:screenOrientation="portrait"
118-->src\main\AndroidManifest.xml:113:13-49
119            android:theme="@style/SplashTheme" >
119-->src\main\AndroidManifest.xml:114:13-47
120            <intent-filter android:autoVerify="true" >
120-->src\main\AndroidManifest.xml:118:13-140:29
120-->src\main\AndroidManifest.xml:118:28-53
121                <action android:name="android.intent.action.VIEW" />
121-->src\main\AndroidManifest.xml:50:17-69
121-->src\main\AndroidManifest.xml:50:25-66
122
123                <category android:name="android.intent.category.DEFAULT" />
123-->src\main\AndroidManifest.xml:52:17-76
123-->src\main\AndroidManifest.xml:52:27-73
124                <category android:name="android.intent.category.BROWSABLE" />
124-->src\main\AndroidManifest.xml:53:17-78
124-->src\main\AndroidManifest.xml:53:27-75
125
126                <data
126-->src\main\AndroidManifest.xml:55:17-57:46
127                    android:host="7fg8.adj.st"
127-->src\main\AndroidManifest.xml:56:21-53
128                    android:scheme="http" />
128-->src\main\AndroidManifest.xml:57:21-43
129                <data
129-->src\main\AndroidManifest.xml:55:17-57:46
130                    android:host="7fg8.adj.st"
130-->src\main\AndroidManifest.xml:56:21-53
131                    android:scheme="https" />
131-->src\main\AndroidManifest.xml:57:21-43
132                <data android:host="tatayab.com" />
132-->src\main\AndroidManifest.xml:55:17-57:46
132-->src\main\AndroidManifest.xml:56:21-53
133                <data
133-->src\main\AndroidManifest.xml:55:17-57:46
134                    android:host="tatayab.com"
134-->src\main\AndroidManifest.xml:56:21-53
135                    android:scheme="http" />
135-->src\main\AndroidManifest.xml:57:21-43
136                <data
136-->src\main\AndroidManifest.xml:55:17-57:46
137                    android:host="tatayab.com"
137-->src\main\AndroidManifest.xml:56:21-53
138                    android:scheme="https" />
138-->src\main\AndroidManifest.xml:57:21-43
139                <!-- <data -->
140                <!-- android:host="tatayab.page.link" -->
141                <!-- android:scheme="https" /> -->
142            </intent-filter>
143            <!-- <intent-filter> -->
144            <!-- <action android:name="android.intent.action.VIEW" /> -->
145
146
147            <!-- <category android:name="android.intent.category.DEFAULT" /> -->
148            <!-- <category android:name="android.intent.category.BROWSABLE" /> -->
149
150
151            <!-- <data android:scheme="tatayabdlink" -->
152            <!-- /> -->
153            <!-- </intent-filter> -->
154        </activity>
155        <activity
155-->src\main\AndroidManifest.xml:153:9-160:15
156            android:name="com.tatayab.tatayab.auth.LoginActivity"
156-->src\main\AndroidManifest.xml:154:13-47
157            android:exported="false"
157-->src\main\AndroidManifest.xml:158:13-37
158            android:screenOrientation="portrait"
158-->src\main\AndroidManifest.xml:155:13-49
159            android:theme="@style/NoActionBarMaterialTheme"
159-->src\main\AndroidManifest.xml:156:13-60
160            android:windowSoftInputMode="adjustResize|stateHidden" />
160-->src\main\AndroidManifest.xml:157:13-67
161        <activity
161-->src\main\AndroidManifest.xml:161:9-168:15
162            android:name="com.tatayab.tatayab.auth.LoginOptionActivity"
162-->src\main\AndroidManifest.xml:162:13-53
163            android:exported="false"
163-->src\main\AndroidManifest.xml:166:13-37
164            android:screenOrientation="portrait"
164-->src\main\AndroidManifest.xml:163:13-49
165            android:theme="@style/NoActionBarMaterialTheme"
165-->src\main\AndroidManifest.xml:164:13-60
166            android:windowSoftInputMode="adjustResize|stateHidden" />
166-->src\main\AndroidManifest.xml:165:13-67
167        <activity
167-->src\main\AndroidManifest.xml:169:9-177:15
168            android:name="com.tatayab.tatayab.livechat.LiveChatActivity"
168-->src\main\AndroidManifest.xml:170:13-54
169            android:configChanges="keyboard|keyboardHidden|orientation|screenLayout|uiMode|screenSize|smallestScreenSize"
169-->src\main\AndroidManifest.xml:171:13-122
170            android:exported="false"
170-->src\main\AndroidManifest.xml:175:13-37
171            android:screenOrientation="portrait"
171-->src\main\AndroidManifest.xml:172:13-49
172            android:theme="@style/NoActionBarMaterialTheme"
172-->src\main\AndroidManifest.xml:173:13-60
173            android:windowSoftInputMode="adjustResize" />
173-->src\main\AndroidManifest.xml:174:13-55
174
175        <service
175-->src\main\AndroidManifest.xml:179:9-186:19
176            android:name="com.tatayab.tatayab.firebase.NotificationMessagingService"
176-->src\main\AndroidManifest.xml:180:13-66
177            android:exported="false" >
177-->src\main\AndroidManifest.xml:181:13-37
178            <intent-filter>
178-->src\main\AndroidManifest.xml:183:13-185:29
179                <action android:name="com.google.firebase.MESSAGING_EVENT" />
179-->src\main\AndroidManifest.xml:184:17-78
179-->src\main\AndroidManifest.xml:184:25-75
180            </intent-filter>
181        </service>
182        <!--
183 Set custom default icon. This is used when no icon is set for incoming notification messages.
184        See README(https://goo.gl/l4GJaQ) for more.
185        -->
186        <meta-data
186-->src\main\AndroidManifest.xml:191:9-193:65
187            android:name="com.google.firebase.messaging.default_notification_icon"
187-->src\main\AndroidManifest.xml:192:13-83
188            android:resource="@drawable/ic_stat_notification" />
188-->src\main\AndroidManifest.xml:193:13-62
189        <!--
190 Set color used with incoming notification messages. This is used when no color is set for the incoming
191             notification message. See README(https://goo.gl/6BKBk7) for more.
192        -->
193        <meta-data
193-->src\main\AndroidManifest.xml:198:9-200:54
194            android:name="com.google.firebase.messaging.default_notification_color"
194-->src\main\AndroidManifest.xml:199:13-84
195            android:resource="@color/colorPrimary" />
195-->src\main\AndroidManifest.xml:200:13-51
196        <meta-data
196-->src\main\AndroidManifest.xml:201:9-203:71
197            android:name="com.google.firebase.messaging.default_notification_channel_id"
197-->src\main\AndroidManifest.xml:202:13-89
198            android:value="@string/default_notification_channel_id" />
198-->src\main\AndroidManifest.xml:203:13-68
199
200        <receiver
200-->src\main\AndroidManifest.xml:205:9-213:20
201            android:name="com.adjust.sdk.AdjustReferrerReceiver"
201-->src\main\AndroidManifest.xml:206:13-65
202            android:exported="true"
202-->src\main\AndroidManifest.xml:207:13-36
203            android:permission="android.permission.INSTALL_PACKAGES" >
203-->src\main\AndroidManifest.xml:209:13-69
204            <intent-filter>
204-->src\main\AndroidManifest.xml:210:13-212:29
205                <action android:name="com.android.vending.INSTALL_REFERRER" />
205-->src\main\AndroidManifest.xml:211:17-79
205-->src\main\AndroidManifest.xml:211:25-76
206            </intent-filter>
207        </receiver>
208
209        <meta-data
209-->src\main\AndroidManifest.xml:215:9-217:55
210            android:name="com.facebook.sdk.ApplicationId"
210-->src\main\AndroidManifest.xml:216:13-58
211            android:value="@string/facebook_app_id" />
211-->src\main\AndroidManifest.xml:217:13-52
212        <meta-data
212-->src\main\AndroidManifest.xml:218:9-220:104
213            android:name="com.google.android.login.dev"
213-->src\main\AndroidManifest.xml:219:13-56
214            android:value="398227463517-jcbrnik7v11r22j44if025trapk8lu5o.apps.googleusercontent.com" />
214-->src\main\AndroidManifest.xml:220:13-101
215        <meta-data
215-->src\main\AndroidManifest.xml:221:9-223:104
216            android:name="com.google.android.login.release"
216-->src\main\AndroidManifest.xml:222:13-60
217            android:value="398227463517-iaeud37nmtn5ictoreu0eb6tkmfh1a1m.apps.googleusercontent.com" />
217-->src\main\AndroidManifest.xml:223:13-101
218
219        <activity
219-->src\main\AndroidManifest.xml:225:9-231:15
220            android:name="com.facebook.FacebookActivity"
220-->src\main\AndroidManifest.xml:226:13-57
221            android:configChanges="keyboard|keyboardHidden|screenLayout|screenSize|orientation"
221-->src\main\AndroidManifest.xml:227:13-96
222            android:exported="true"
222-->src\main\AndroidManifest.xml:229:13-36
223            android:label="@string/app_name"
223-->src\main\AndroidManifest.xml:228:13-45
224            android:theme="@style/com_facebook_activity_theme" />
224-->[com.facebook.android:facebook-common:7.1.0] AndroidManifest.xml:33:13-63
225        <activity
225-->src\main\AndroidManifest.xml:232:9-245:20
226            android:name="com.facebook.CustomTabActivity"
226-->src\main\AndroidManifest.xml:233:13-58
227            android:exported="true" >
227-->src\main\AndroidManifest.xml:234:13-36
228            <intent-filter>
228-->src\main\AndroidManifest.xml:237:13-244:29
229                <action android:name="android.intent.action.VIEW" />
229-->src\main\AndroidManifest.xml:50:17-69
229-->src\main\AndroidManifest.xml:50:25-66
230
231                <category android:name="android.intent.category.DEFAULT" />
231-->src\main\AndroidManifest.xml:52:17-76
231-->src\main\AndroidManifest.xml:52:27-73
232                <category android:name="android.intent.category.BROWSABLE" />
232-->src\main\AndroidManifest.xml:53:17-78
232-->src\main\AndroidManifest.xml:53:27-75
233
234                <data android:scheme="fb2459794954232593" />
234-->src\main\AndroidManifest.xml:55:17-57:46
234-->src\main\AndroidManifest.xml:57:21-43
235            </intent-filter>
236            <intent-filter>
236-->[com.facebook.android:facebook-common:7.1.0] AndroidManifest.xml:39:13-48:29
237                <action android:name="android.intent.action.VIEW" />
237-->src\main\AndroidManifest.xml:50:17-69
237-->src\main\AndroidManifest.xml:50:25-66
238
239                <category android:name="android.intent.category.DEFAULT" />
239-->src\main\AndroidManifest.xml:52:17-76
239-->src\main\AndroidManifest.xml:52:27-73
240                <category android:name="android.intent.category.BROWSABLE" />
240-->src\main\AndroidManifest.xml:53:17-78
240-->src\main\AndroidManifest.xml:53:27-75
241
242                <data
242-->src\main\AndroidManifest.xml:55:17-57:46
243                    android:host="cct.com.tatayab.tatayab.dev"
243-->src\main\AndroidManifest.xml:56:21-53
244                    android:scheme="fbconnect" />
244-->src\main\AndroidManifest.xml:57:21-43
245            </intent-filter>
246        </activity>
247
248        <provider
248-->[com.amitshekhar.android:debug-db:1.0.6] AndroidManifest.xml:12:9-16:40
249            android:name="com.amitshekhar.debug.DebugDBInitProvider"
249-->[com.amitshekhar.android:debug-db:1.0.6] AndroidManifest.xml:13:13-69
250            android:authorities="com.tatayab.tatayab.dev.DebugDBInitProvider"
250-->[com.amitshekhar.android:debug-db:1.0.6] AndroidManifest.xml:14:13-71
251            android:enabled="true"
251-->[com.amitshekhar.android:debug-db:1.0.6] AndroidManifest.xml:15:13-35
252            android:exported="false" />
252-->[com.amitshekhar.android:debug-db:1.0.6] AndroidManifest.xml:16:13-37
253
254        <activity
254-->[androidx.fragment:fragment-testing:1.5.4] AndroidManifest.xml:28:9-37:20
255            android:name="androidx.fragment.app.testing.FragmentScenario$EmptyFragmentActivity"
255-->[androidx.fragment:fragment-testing:1.5.4] AndroidManifest.xml:29:13-96
256            android:exported="true"
256-->[androidx.fragment:fragment-testing:1.5.4] AndroidManifest.xml:30:13-36
257            android:multiprocess="true"
257-->[androidx.fragment:fragment-testing:1.5.4] AndroidManifest.xml:31:13-40
258            android:taskAffinity=""
258-->[androidx.fragment:fragment-testing:1.5.4] AndroidManifest.xml:32:13-36
259            android:theme="@style/FragmentScenarioEmptyFragmentActivityTheme" >
259-->[androidx.fragment:fragment-testing:1.5.4] AndroidManifest.xml:33:13-78
260            <intent-filter>
260-->[androidx.fragment:fragment-testing:1.5.4] AndroidManifest.xml:34:13-36:29
261                <action android:name="android.intent.action.MAIN" />
261-->src\main\AndroidManifest.xml:45:17-69
261-->src\main\AndroidManifest.xml:45:25-66
262            </intent-filter>
263        </activity>
264
265        <provider
265-->[com.readystatesoftware.chuck:library:1.1.0] AndroidManifest.xml:23:9-26:40
266            android:name="com.readystatesoftware.chuck.internal.data.ChuckContentProvider"
266-->[com.readystatesoftware.chuck:library:1.1.0] AndroidManifest.xml:24:13-91
267            android:authorities="com.tatayab.tatayab.dev.chuck.provider"
267-->[com.readystatesoftware.chuck:library:1.1.0] AndroidManifest.xml:25:13-66
268            android:exported="false" />
268-->[com.readystatesoftware.chuck:library:1.1.0] AndroidManifest.xml:26:13-37
269
270        <activity
270-->[com.readystatesoftware.chuck:library:1.1.0] AndroidManifest.xml:28:9-33:50
271            android:name="com.readystatesoftware.chuck.internal.ui.MainActivity"
271-->[com.readystatesoftware.chuck:library:1.1.0] AndroidManifest.xml:29:13-81
272            android:label="@string/chuck_name"
272-->[com.readystatesoftware.chuck:library:1.1.0] AndroidManifest.xml:30:13-47
273            android:launchMode="singleTask"
273-->[com.readystatesoftware.chuck:library:1.1.0] AndroidManifest.xml:31:13-44
274            android:taskAffinity="com.readystatesoftware.chuck.task"
274-->[com.readystatesoftware.chuck:library:1.1.0] AndroidManifest.xml:32:13-69
275            android:theme="@style/Chuck.Theme" />
275-->[com.readystatesoftware.chuck:library:1.1.0] AndroidManifest.xml:33:13-47
276        <activity
276-->[com.readystatesoftware.chuck:library:1.1.0] AndroidManifest.xml:34:9-37:50
277            android:name="com.readystatesoftware.chuck.internal.ui.TransactionActivity"
277-->[com.readystatesoftware.chuck:library:1.1.0] AndroidManifest.xml:35:13-88
278            android:parentActivityName="com.readystatesoftware.chuck.internal.ui.MainActivity"
278-->[com.readystatesoftware.chuck:library:1.1.0] AndroidManifest.xml:36:13-95
279            android:theme="@style/Chuck.Theme" />
279-->[com.readystatesoftware.chuck:library:1.1.0] AndroidManifest.xml:37:13-47
280
281        <service
281-->[com.readystatesoftware.chuck:library:1.1.0] AndroidManifest.xml:39:9-41:40
282            android:name="com.readystatesoftware.chuck.internal.support.ClearTransactionsService"
282-->[com.readystatesoftware.chuck:library:1.1.0] AndroidManifest.xml:40:13-98
283            android:exported="false" />
283-->[com.readystatesoftware.chuck:library:1.1.0] AndroidManifest.xml:41:13-37
284
285        <receiver
285-->[com.smartlook.recording:app:1.7.0-native] AndroidManifest.xml:23:9-29:20
286            android:name="com.smartlook.sdk.smartlook.analytics.receiver.ReferrerReceiver"
286-->[com.smartlook.recording:app:1.7.0-native] AndroidManifest.xml:24:13-91
287            android:exported="true" >
287-->[com.smartlook.recording:app:1.7.0-native] AndroidManifest.xml:25:13-36
288            <intent-filter>
288-->src\main\AndroidManifest.xml:210:13-212:29
289                <action android:name="com.android.vending.INSTALL_REFERRER" />
289-->src\main\AndroidManifest.xml:211:17-79
289-->src\main\AndroidManifest.xml:211:25-76
290            </intent-filter>
291        </receiver>
292
293        <service
293-->[com.google.firebase:firebase-database-ktx:20.1.0] AndroidManifest.xml:11:9-17:19
294            android:name="com.google.firebase.components.ComponentDiscoveryService"
294-->[com.google.firebase:firebase-database-ktx:20.1.0] AndroidManifest.xml:12:13-84
295            android:directBootAware="true"
295-->[com.google.firebase:firebase-common:20.2.0] AndroidManifest.xml:34:13-43
296            android:exported="false" >
296-->[com.google.firebase:firebase-database-ktx:20.1.0] AndroidManifest.xml:13:13-37
297            <meta-data
297-->[com.google.firebase:firebase-database-ktx:20.1.0] AndroidManifest.xml:14:13-16:85
298                android:name="com.google.firebase.components:com.google.firebase.database.ktx.FirebaseDatabaseKtxRegistrar"
298-->[com.google.firebase:firebase-database-ktx:20.1.0] AndroidManifest.xml:15:17-124
299                android:value="com.google.firebase.components.ComponentRegistrar" />
299-->[com.google.firebase:firebase-database-ktx:20.1.0] AndroidManifest.xml:16:17-82
300            <meta-data
300-->[com.google.firebase:firebase-dynamic-links-ktx:19.1.1] AndroidManifest.xml:28:13-30:85
301                android:name="com.google.firebase.components:com.google.firebase.dynamiclinks.ktx.FirebaseDynamicLinksKtxRegistrar"
301-->[com.google.firebase:firebase-dynamic-links-ktx:19.1.1] AndroidManifest.xml:29:17-132
302                android:value="com.google.firebase.components.ComponentRegistrar" />
302-->[com.google.firebase:firebase-dynamic-links-ktx:19.1.1] AndroidManifest.xml:30:17-82
303            <meta-data
303-->[com.google.firebase:firebase-analytics-ktx:18.0.3] AndroidManifest.xml:11:13-13:85
304                android:name="com.google.firebase.components:com.google.firebase.analytics.ktx.FirebaseAnalyticsKtxRegistrar"
304-->[com.google.firebase:firebase-analytics-ktx:18.0.3] AndroidManifest.xml:12:17-126
305                android:value="com.google.firebase.components.ComponentRegistrar" />
305-->[com.google.firebase:firebase-analytics-ktx:18.0.3] AndroidManifest.xml:13:17-82
306            <meta-data
306-->[com.google.firebase:firebase-common-ktx:20.2.0] AndroidManifest.xml:14:13-16:85
307                android:name="com.google.firebase.components:com.google.firebase.ktx.FirebaseCommonKtxRegistrar"
307-->[com.google.firebase:firebase-common-ktx:20.2.0] AndroidManifest.xml:15:17-113
308                android:value="com.google.firebase.components.ComponentRegistrar" />
308-->[com.google.firebase:firebase-common-ktx:20.2.0] AndroidManifest.xml:16:17-82
309            <meta-data